\BOOKMARK [0][-]{section.0.1}{\376\377\000C\000o\000n\000t\000e\000n\000t\000s}{}% 1
\BOOKMARK [0][-]{section.0.2}{\376\377\000L\000i\000s\000t\000\040\000o\000f\000\040\000F\000i\000g\000u\000r\000e\000s}{}% 2
\BOOKMARK [0][-]{section.0.3}{\376\377\000L\000i\000s\000t\000\040\000o\000f\000\040\000T\000a\000b\000l\000e\000s}{}% 3
\BOOKMARK [0][-]{chapter.1}{\376\377\000I\000n\000t\000r\000o\000d\000u\000c\000t\000i\000o\000n}{}% 4
\BOOKMARK [1][-]{section.1.1}{\376\377\000M\000o\000t\000i\000v\000a\000t\000i\000o\000n}{chapter.1}% 5
\BOOKMARK [1][-]{section.1.2}{\376\377\000O\000b\000j\000e\000c\000t\000i\000v\000e\000s}{chapter.1}% 6
\BOOKMARK [1][-]{section.1.3}{\376\377\000D\000o\000c\000u\000m\000e\000n\000t\000\040\000S\000t\000r\000u\000c\000t\000u\000r\000e}{chapter.1}% 7
\BOOKMARK [0][-]{chapter.2}{\376\377\000S\000t\000a\000t\000e\000\040\000o\000f\000\040\000t\000h\000e\000\040\000A\000r\000t}{}% 8
\BOOKMARK [1][-]{section.2.1}{\376\377\000E\000n\000c\000r\000y\000p\000t\000e\000d\000\040\000P\000e\000e\000r\000\040\000t\000o\000\040\000P\000e\000e\000r\000\040\000C\000o\000m\000m\000u\000n\000i\000c\000a\000t\000i\000o\000n\000s\000\040\000/\000\040\000V\000P\000N\000s}{chapter.2}% 9
\BOOKMARK [2][-]{section*.11}{\376\377\000T\000h\000e\000\040\000p\000r\000o\000b\000l\000e\000m\000\040\000w\000i\000t\000h\000\040\000N\000A\000T}{section.2.1}% 10
\BOOKMARK [2][-]{subsection.2.1.1}{\376\377\000I\000P\000S\000e\000c}{section.2.1}% 11
\BOOKMARK [3][-]{section*.17}{\376\377\000T\000r\000a\000n\000s\000p\000o\000r\000t\000\040\000a\000n\000d\000\040\000T\000u\000n\000n\000e\000l\000\040\000m\000o\000d\000e\000s}{subsection.2.1.1}% 12
\BOOKMARK [3][-]{section*.18}{\376\377\000A\000u\000t\000h\000e\000n\000t\000i\000c\000a\000t\000i\000o\000n\000\040\000H\000e\000a\000d\000e\000r}{subsection.2.1.1}% 13
\BOOKMARK [3][-]{section*.20}{\376\377\000E\000n\000c\000a\000p\000s\000u\000l\000a\000t\000i\000n\000g\000\040\000S\000e\000c\000u\000r\000i\000t\000y\000\040\000P\000a\000y\000l\000o\000a\000d}{subsection.2.1.1}% 14
\BOOKMARK [2][-]{subsection.2.1.2}{\376\377\000O\000p\000e\000n\000V\000P\000N}{section.2.1}% 15
\BOOKMARK [3][-]{section*.22}{\376\377\000T\000U\000N\000\040\000a\000n\000d\000\040\000T\000A\000P\000\040\000i\000n\000t\000e\000r\000f\000a\000c\000e\000s}{subsection.2.1.2}% 16
\BOOKMARK [3][-]{section*.23}{\376\377\000O\000p\000e\000n\000V\000P\000N\000\040\000f\000l\000o\000w}{subsection.2.1.2}% 17
\BOOKMARK [2][-]{subsection.2.1.3}{\376\377\000W\000i\000r\000e\000g\000u\000a\000r\000d}{section.2.1}% 18
\BOOKMARK [3][-]{section*.24}{\376\377\000R\000o\000u\000t\000i\000n\000g}{subsection.2.1.3}% 19
\BOOKMARK [3][-]{section*.25}{\376\377\000C\000i\000p\000h\000e\000r\000\040\000S\000u\000i\000t\000e}{subsection.2.1.3}% 20
\BOOKMARK [3][-]{section*.27}{\376\377\000S\000e\000c\000u\000r\000i\000t\000y}{subsection.2.1.3}% 21
\BOOKMARK [3][-]{section*.29}{\376\377\000B\000a\000s\000i\000c\000\040\000W\000i\000r\000e\000g\000u\000a\000r\000d\000\040\000C\000o\000n\000f\000i\000g\000u\000r\000a\000t\000i\000o\000n}{subsection.2.1.3}% 22
\BOOKMARK [2][-]{subsection.2.1.4}{\376\377\000P\000e\000r\000f\000o\000r\000m\000a\000n\000c\000e\000\040\000C\000o\000m\000p\000a\000r\000i\000s\000o\000n}{section.2.1}% 23
\BOOKMARK [1][-]{section.2.2}{\376\377\000C\000o\000n\000t\000r\000o\000l\000\040\000P\000l\000a\000t\000f\000o\000r\000m\000s}{chapter.2}% 24
\BOOKMARK [2][-]{subsection.2.2.1}{\376\377\000O\000O\000R\000\040\000M\000a\000p\000\040\000S\000e\000r\000v\000e\000r\000\040\000I\000m\000p\000l\000e\000m\000e\000n\000t\000a\000t\000i\000o\000n}{section.2.2}% 25
\BOOKMARK [2][-]{subsection.2.2.2}{\376\377\000T\000a\000i\000l\000s\000c\000a\000l\000e}{section.2.2}% 26
\BOOKMARK [3][-]{section*.31}{\376\377\000O\000v\000e\000r\000c\000o\000m\000i\000n\000g\000\040\000n\000e\000t\000w\000o\000r\000k\000\040\000c\000o\000n\000s\000t\000r\000a\000i\000n\000t\000s}{subsection.2.2.2}% 27
\BOOKMARK [3][-]{section*.37}{\376\377\000H\000e\000a\000d\000s\000c\000a\000l\000e}{subsection.2.2.2}% 28
\BOOKMARK [1][-]{section.2.3}{\376\377\000U\000n\000i\000v\000e\000r\000s\000i\000t\000y\000\040\000o\000f\000\040\000A\000v\000e\000i\000r\000o\000\040\000N\000e\000t\000w\000o\000r\000k}{chapter.2}% 29
\BOOKMARK [0][-]{chapter.3}{\376\377\000M\000e\000t\000h\000o\000d\000o\000l\000o\000g\000y}{}% 30
\BOOKMARK [1][-]{section.3.1}{\376\377\000P\000r\000o\000t\000o\000t\000y\000p\000e\000\040\000D\000e\000v\000e\000l\000o\000p\000m\000e\000n\000t}{chapter.3}% 31
\BOOKMARK [1][-]{section.3.2}{\376\377\000D\000e\000p\000l\000o\000y\000m\000e\000n\000t}{chapter.3}% 32
\BOOKMARK [1][-]{section.3.3}{\376\377\000A\000u\000t\000o\000m\000a\000t\000i\000o\000n}{chapter.3}% 33
\BOOKMARK [0][-]{chapter.4}{\376\377\000P\000r\000o\000t\000o\000t\000y\000p\000e\000\040\000D\000e\000v\000e\000l\000o\000p\000m\000e\000n\000t}{}% 34
\BOOKMARK [1][-]{section.4.1}{\376\377\000D\000e\000v\000e\000l\000o\000p\000m\000e\000n\000t\000\040\000E\000n\000v\000i\000r\000o\000n\000m\000e\000n\000t}{chapter.4}% 35
\BOOKMARK [2][-]{section*.42}{\376\377\000V\000i\000r\000t\000u\000a\000l\000\040\000M\000a\000c\000h\000i\000n\000e\000s}{section.4.1}% 36
\BOOKMARK [3][-]{section*.44}{\376\377\000A\000c\000c\000e\000s\000s\000\040\000P\000o\000i\000n\000t}{section*.42}% 37
\BOOKMARK [1][-]{section.4.2}{\376\377\000H\000e\000a\000d\000s\000c\000a\000l\000e\000\040\000I\000n\000s\000t\000a\000n\000c\000e\000\040\000D\000e\000p\000l\000o\000y\000m\000e\000n\000t}{chapter.4}% 38
\BOOKMARK [1][-]{section.4.3}{\376\377\000C\000l\000i\000e\000n\000t\000\040\000C\000o\000n\000f\000i\000g\000u\000r\000a\000t\000i\000o\000n}{chapter.4}% 39
\BOOKMARK [1][-]{section.4.4}{\376\377\000A\000u\000t\000h\000e\000n\000t\000i\000c\000a\000t\000i\000o\000n}{chapter.4}% 40
\BOOKMARK [1][-]{section.4.5}{\376\377\000C\000o\000m\000m\000u\000n\000i\000c\000a\000t\000i\000o\000n\000\040\000w\000i\000t\000h\000\040\000R\000O\000S}{chapter.4}% 41
\BOOKMARK [0][-]{chapter.5}{\376\377\000P\000r\000o\000d\000u\000c\000t\000i\000o\000n\000\040\000D\000e\000p\000l\000o\000y\000m\000e\000n\000t}{}% 42
\BOOKMARK [0][-]{chapter.6}{\376\377\000A\000u\000t\000o\000m\000a\000t\000i\000o\000n}{}% 43
\BOOKMARK [0][-]{chapter.7}{\376\377\000V\000a\000l\000i\000d\000a\000t\000i\000o\000n\000\040\000a\000n\000d\000\040\000R\000e\000s\000u\000l\000t\000s}{}% 44
\BOOKMARK [0][-]{chapter.8}{\376\377\000C\000o\000n\000c\000l\000u\000s\000i\000o\000n}{}% 45
\BOOKMARK [0][-]{section.8.1}{\376\377\000B\000i\000b\000l\000i\000o\000g\000r\000a\000p\000h\000y}{}% 46
